
25/03/2023 14:21:35   =============================================================
25/03/2023 14:21:35   Starting New Potential Training !!!    8 fully trained
25/03/2023 14:21:35   =============================================================
25/03/2023 14:25:14   Initial generation of DFT training dataset has completed.
25/03/2023 14:25:14   Starting the active learning loop
25/03/2023 14:25:14   Beginning active learning of [1, 1, 1] atoms.
25/03/2023 14:25:14   Generated MD runs.
25/03/2023 14:25:14   [1, 1, 1] atoms, iteration: 1 of up to 20
25/03/2023 14:26:17   Generated new ALS file
25/03/2023 14:26:59   Passive training iteration completed.
25/03/2023 14:26:59   Average energy per atom error: 0.0152778
25/03/2023 14:26:59   Average force per atom error: 1.4385e-06
25/03/2023 14:26:59   Starting MD Runs
25/03/2023 14:27:43   24 risky configurations found.
25/03/2023 14:27:43   MD Runs Completed
25/03/2023 14:27:43   Runs with no preselected configurations: 0 / 24
25/03/2023 14:28:25   Diff DFT configurations selected.
25/03/2023 14:28:25   There are 9 new diff DFT configurations.
25/03/2023 14:28:25   Commencing diff DFT Runs.
25/03/2023 14:32:19   Diff DFT calculations complete.
25/03/2023 14:32:19   [1, 1, 1] atoms, iteration: 2 of up to 20
25/03/2023 14:32:33   Passive training iteration completed.
25/03/2023 14:32:33   Average energy per atom error: 0.00809156
25/03/2023 14:32:33   Average force per atom error: 0.0114033
25/03/2023 14:32:33   Starting MD Runs
25/03/2023 14:33:23   No risky configurations found.
25/03/2023 14:33:23   MD Runs Completed
25/03/2023 14:33:24   Runs with no preselected configurations: 9 / 24
25/03/2023 14:34:17   Diff DFT configurations selected.
25/03/2023 14:34:17   There are 6 new diff DFT configurations.
25/03/2023 14:34:17   Commencing diff DFT Runs.
25/03/2023 14:38:00   Diff DFT calculations complete.
25/03/2023 14:38:00   [1, 1, 1] atoms, iteration: 3 of up to 20
25/03/2023 14:38:32   Passive training iteration completed.
25/03/2023 14:38:32   Average energy per atom error: 0.00928658
25/03/2023 14:38:32   Average force per atom error: 0.0145622
25/03/2023 14:38:32   Starting MD Runs
25/03/2023 14:39:22   No risky configurations found.
25/03/2023 14:39:22   MD Runs Completed
25/03/2023 14:39:22   Runs with no preselected configurations: 13 / 24
25/03/2023 14:39:36   Diff DFT configurations selected.
25/03/2023 14:39:36   There are 5 new diff DFT configurations.
25/03/2023 14:39:36   Commencing diff DFT Runs.
25/03/2023 14:43:28   Diff DFT calculations complete.
25/03/2023 14:43:28   [1, 1, 1] atoms, iteration: 4 of up to 20
25/03/2023 14:43:42   Passive training iteration completed.
25/03/2023 14:43:42   Average energy per atom error: 0.00927441
25/03/2023 14:43:42   Average force per atom error: 0.0151472
25/03/2023 14:43:42   Starting MD Runs
25/03/2023 14:44:35   No risky configurations found.
25/03/2023 14:44:35   MD Runs Completed
25/03/2023 14:44:35   Runs with no preselected configurations: 21 / 24
25/03/2023 14:44:43   Diff DFT configurations selected.
25/03/2023 14:44:43   There are 1 new diff DFT configurations.
25/03/2023 14:44:43   Commencing diff DFT Runs.
25/03/2023 14:47:14   Diff DFT calculations complete.
25/03/2023 14:47:14   [1, 1, 1] atoms, iteration: 5 of up to 20
25/03/2023 14:47:28   Passive training iteration completed.
25/03/2023 14:47:28   Average energy per atom error: 0.00958041
25/03/2023 14:47:28   Average force per atom error: 0.0151855
25/03/2023 14:47:28   Starting MD Runs
25/03/2023 14:48:43   No risky configurations found.
25/03/2023 14:48:43   MD Runs Completed
25/03/2023 14:48:43   Runs with no preselected configurations: 16 / 24
25/03/2023 14:49:05   Diff DFT configurations selected.
25/03/2023 14:49:05   There are 5 new diff DFT configurations.
25/03/2023 14:49:05   Commencing diff DFT Runs.
25/03/2023 14:52:48   Diff DFT calculations complete.
25/03/2023 14:52:48   [1, 1, 1] atoms, iteration: 6 of up to 20
25/03/2023 14:53:02   Passive training iteration completed.
25/03/2023 14:53:02   Average energy per atom error: 0.0104941
25/03/2023 14:53:02   Average force per atom error: 0.0167816
25/03/2023 14:53:02   Starting MD Runs
25/03/2023 14:53:53   No risky configurations found.
25/03/2023 14:53:53   MD Runs Completed
25/03/2023 14:53:53   Runs with no preselected configurations: 24 / 24
25/03/2023 14:54:01   Diff DFT configurations selected.
25/03/2023 14:54:01   There are 0 new diff DFT configurations.
25/03/2023 14:54:01   Commencing diff DFT Runs.
25/03/2023 14:54:01   Beginning active learning of [1, 1, 2] atoms.
25/03/2023 14:54:01   Generated MD runs.
25/03/2023 14:54:01   [1, 1, 2] atoms, iteration: 1 of up to 10
25/03/2023 14:54:15   Passive training iteration completed.
25/03/2023 14:54:15   Average energy per atom error: 0.0104889
25/03/2023 14:54:15   Average force per atom error: 0.0167742
25/03/2023 14:54:15   Starting MD Runs
25/03/2023 14:55:18   4 risky configurations found.
25/03/2023 14:55:18   MD Runs Completed
25/03/2023 14:55:20   Runs with no preselected configurations: 0 / 24
25/03/2023 14:57:03   Diff DFT configurations selected.
25/03/2023 14:57:03   There are 6 new diff DFT configurations.
25/03/2023 14:57:03   Commencing diff DFT Runs.
25/03/2023 15:03:48   Diff DFT calculations complete.
25/03/2023 15:03:48   [1, 1, 2] atoms, iteration: 2 of up to 10
25/03/2023 15:04:11   Passive training iteration completed.
25/03/2023 15:04:11   Average energy per atom error: 0.0167941
25/03/2023 15:04:11   Average force per atom error: 0.0232223
25/03/2023 15:04:11   Starting MD Runs
25/03/2023 15:05:03   No risky configurations found.
25/03/2023 15:05:03   MD Runs Completed
25/03/2023 15:05:03   Runs with no preselected configurations: 23 / 24
25/03/2023 15:05:11   Diff DFT configurations selected.
25/03/2023 15:05:11   There are 1 new diff DFT configurations.
25/03/2023 15:05:11   Commencing diff DFT Runs.
25/03/2023 15:12:43   Diff DFT calculations complete.
25/03/2023 15:12:43   [1, 1, 2] atoms, iteration: 3 of up to 10
25/03/2023 15:13:05   Passive training iteration completed.
25/03/2023 15:13:05   Average energy per atom error: 0.0168443
25/03/2023 15:13:05   Average force per atom error: 0.0244511
25/03/2023 15:13:05   Starting MD Runs
25/03/2023 15:13:55   No risky configurations found.
25/03/2023 15:13:55   MD Runs Completed
25/03/2023 15:13:55   Runs with no preselected configurations: 24 / 24
25/03/2023 15:14:02   Diff DFT configurations selected.
25/03/2023 15:14:02   There are 0 new diff DFT configurations.
25/03/2023 15:14:02   Commencing diff DFT Runs.
25/03/2023 15:14:02   Beginning active learning of [1, 1, 3] atoms.
25/03/2023 15:14:02   Generated MD runs.
25/03/2023 15:14:02   [1, 1, 3] atoms, iteration: 1 of up to 10
25/03/2023 15:14:16   Passive training iteration completed.
25/03/2023 15:14:16   Average energy per atom error: 0.0168451
25/03/2023 15:14:16   Average force per atom error: 0.0244629
25/03/2023 15:14:16   Starting MD Runs
25/03/2023 15:15:07   No risky configurations found.
25/03/2023 15:15:07   MD Runs Completed
25/03/2023 15:15:07   Runs with no preselected configurations: 24 / 24
25/03/2023 15:15:26   Diff DFT configurations selected.
25/03/2023 15:15:26   There are 0 new diff DFT configurations.
25/03/2023 15:15:26   Commencing diff DFT Runs.
25/03/2023 15:15:26   Beginning active learning of [1, 2, 2] atoms.
25/03/2023 15:15:26   Generated MD runs.
25/03/2023 15:15:26   [1, 2, 2] atoms, iteration: 1 of up to 10
25/03/2023 15:15:37   Passive training iteration completed.
25/03/2023 15:15:37   Average energy per atom error: 0.0168452
25/03/2023 15:15:37   Average force per atom error: 0.0244678
25/03/2023 15:15:37   Starting MD Runs
25/03/2023 15:16:33   No risky configurations found.
25/03/2023 15:16:33   MD Runs Completed
25/03/2023 15:16:33   Runs with no preselected configurations: 22 / 24
25/03/2023 15:16:39   Diff DFT configurations selected.
25/03/2023 15:16:39   There are 1 new diff DFT configurations.
25/03/2023 15:16:39   Commencing diff DFT Runs.
25/03/2023 15:27:03   Diff DFT calculations complete.
25/03/2023 15:27:03   [1, 2, 2] atoms, iteration: 2 of up to 10
25/03/2023 15:27:18   Passive training iteration completed.
25/03/2023 15:27:18   Average energy per atom error: 0.0167746
25/03/2023 15:27:18   Average force per atom error: 0.0248546
25/03/2023 15:27:18   Starting MD Runs
25/03/2023 15:28:48   No risky configurations found.
25/03/2023 15:28:48   MD Runs Completed
25/03/2023 15:28:48   Runs with no preselected configurations: 24 / 24
25/03/2023 15:28:56   Diff DFT configurations selected.
25/03/2023 15:28:56   There are 0 new diff DFT configurations.
25/03/2023 15:28:56   Commencing diff DFT Runs.
25/03/2023 15:28:56   Beginning active learning of [2, 2, 2] atoms.
25/03/2023 15:28:56   Generated MD runs.
25/03/2023 15:28:56   [2, 2, 2] atoms, iteration: 1 of up to 5
25/03/2023 15:29:09   Passive training iteration completed.
25/03/2023 15:29:09   Average energy per atom error: 0.0167706
25/03/2023 15:29:09   Average force per atom error: 0.0247473
25/03/2023 15:29:09   Starting MD Runs
25/03/2023 15:30:23   No risky configurations found.
25/03/2023 15:30:23   MD Runs Completed
25/03/2023 15:30:23   Runs with no preselected configurations: 24 / 24
25/03/2023 15:30:49   Diff DFT configurations selected.
25/03/2023 15:30:49   There are 0 new diff DFT configurations.
25/03/2023 15:30:49   Commencing diff DFT Runs.
25/03/2023 15:30:49   Beginning active learning of [3, 3, 3] atoms.
25/03/2023 15:30:49   Generated MD runs.
25/03/2023 15:30:49   [3, 3, 3] atoms, iteration: 1 of up to 2