
Lmod is automatically replacing "intel/2020.1.217" with "gcc/9.3.0".


The following have been reloaded with a version change:
  1) StdEnv/2016.4 => StdEnv/2020           5) mii/1.1.1 => mii/1.1.2
  2) gcccore/.5.4.0 => gcccore/.9.3.0       6) openmpi/2.1.1 => openmpi/4.0.3
  3) imkl/11.3.4.258 => imkl/2020.1.217     7) r/3.5.0 => r/4.2.2
  4) java/1.8.0_121 => java/13.0.2

MTPR from /global/home/hpc5146/Projects/K-MTP-training/phase3/mtpProperties/pot.mtp, Database: /global/home/hpc5146/Projects/K-MTP-training/phase3/mtpProperties/train.cfg
BFGS iterations count set to 10000
BFGS convergence tolerance set to 1e-06
Energy weight: 1
Force weight: 0.01
Stress weight: 0.001
MTPR parallel training started
BFGS iter 0: f=0.00250391
BFGS iter 1: f=0.00250391
BFGS iter 2: f=0.00250391
BFGS iter 3: f=0.00250391
BFGS iter 4: f=0.00250391
BFGS iter 5: f=0.00250391
BFGS iter 6: f=0.00250391
BFGS iter 7: f=0.00250391
BFGS iter 8: f=0.00250391
BFGS iter 9: f=0.00250391
BFGS iter 10: f=0.00250391
BFGS iter 11: f=0.00250391
BFGS iter 12: f=0.00250391
BFGS iter 13: f=0.00250391
BFGS iter 14: f=0.00250391
BFGS iter 15: f=0.00250391
BFGS iter 16: f=0.00250391
BFGS iter 17: f=0.00250391
BFGS iter 18: f=0.00250391
BFGS iter 19: f=0.00250391
BFGS iter 20: f=0.00250391
BFGS iter 21: f=0.00250391
BFGS iter 22: f=0.00250391
BFGS iter 23: f=0.00250391
BFGS iter 24: f=0.00250391
BFGS iter 25: f=0.00250391
BFGS iter 26: f=0.00250391
BFGS iter 27: f=0.00250391
BFGS iter 28: f=0.00250391
BFGS iter 29: f=0.00250391
BFGS iter 30: f=0.00250391
BFGS iter 31: f=0.00250391
BFGS iter 32: f=0.00250391
BFGS iter 33: f=0.00250391
BFGS iter 34: f=0.00250391
BFGS iter 35: f=0.00250391
BFGS iter 36: f=0.00250391
BFGS iter 37: f=0.00250391
BFGS iter 38: f=0.00250391
BFGS iter 39: f=0.00250391
BFGS iter 40: f=0.00250391
BFGS iter 41: f=0.00250391
BFGS iter 42: f=0.00250391
BFGS iter 43: f=0.00250391
BFGS iter 44: f=0.00250391
BFGS iter 45: f=0.00250391
BFGS iter 46: f=0.00250391
BFGS ended due to small decr. for 1 iteration
BFGS iter 47: f=0.00250391
MTPR training ended
Rescaling...
   scaling = 1.29827197595793, condition number = 14.2319261952073
   scaling = 1.41629670104501, condition number = 14.424261166435
   scaling = 1.55792637114951, condition number = 13.2051942310994
   scaling = 1.71371900826446, condition number = 13.6971742475922
   scaling = 1.86951164537941, condition number = 14.3513415287511
Rescaling to 1.55792637114951... done

		* * * TRAIN ERRORS * * *

_________________Errors report_________________
Energy:
	Errors checked for 144 configurations
	Maximal absolute difference = 0.291678
	Average absolute difference = 0.0427179
	RMS     absolute difference = 0.0637229

Energy per atom:
	Errors checked for 144 configurations
	Maximal absolute difference = 0.108596
	Average absolute difference = 0.0166898
	RMS     absolute difference = 0.0258281

Forces:
	Errors checked for 411 atoms
	Maximal absolute difference = 0.629724
	Average absolute difference = 0.0413873
	RMS     absolute difference = 0.0899478
	Max(ForceDiff) / Max(Force) = 0.355236
	RMS(ForceDiff) / RMS(Force) = 0.264045

Stresses (in eV):
	Errors checked for 144 configurations
	Maximal absolute difference = 5.83634
	Average absolute difference = 0.127992
	RMS     absolute difference = 0.455173
	Max(StresDiff) / Max(Stres) = 0.781469
	RMS(StresDiff) / RMS(Stres) = 0.662424

Stresses (in GPa):
	Errors checked for 144 configurations
	Maximal absolute difference = 3.35253
	Average absolute difference = 0.121635
	RMS     absolute difference = 0.399397
	Max(StresDiff) / Max(Stres) = 0.393837
	RMS(StresDiff) / RMS(Stres) = 0.685862
_______________________________________________

