
26/03/2023 21:15:40   =============================================================
26/03/2023 21:15:40   Starting New Potential Training !!!  14 fully trained
26/03/2023 21:15:40   =============================================================
26/03/2023 21:19:28   Initial generation of DFT training dataset has completed.
26/03/2023 21:19:28   Starting the active learning loop
26/03/2023 21:19:28   Beginning active learning of [1, 1, 1] atoms.
26/03/2023 21:19:28   Generated MD runs.
26/03/2023 21:19:28   [1, 1, 1] atoms, iteration: 1 of up to 20
26/03/2023 21:19:42   Generated new ALS file
26/03/2023 21:20:23   Passive training iteration completed.
26/03/2023 21:20:23   Average energy per atom error: 0.0109335
26/03/2023 21:20:23   Average force per atom error: 2.41501e-06
26/03/2023 21:20:23   Starting MD Runs
26/03/2023 21:21:05   24 risky configurations found.
26/03/2023 21:21:05   MD Runs Completed
26/03/2023 21:21:06   Runs with no preselected configurations: 0 / 24
26/03/2023 21:21:12   Diff DFT configurations selected.
26/03/2023 21:21:12   There are 19 new diff DFT configurations.
26/03/2023 21:21:12   Commencing diff DFT Runs.
26/03/2023 21:26:20   Diff DFT calculations complete.
26/03/2023 21:26:20   [1, 1, 1] atoms, iteration: 2 of up to 20
26/03/2023 21:27:29   Passive training iteration completed.
26/03/2023 21:27:29   Average energy per atom error: 0.012657
26/03/2023 21:27:29   Average force per atom error: 0.00868196
26/03/2023 21:27:29   Starting MD Runs
27/03/2023 08:10:56   Initial generation of DFT training dataset has completed.
27/03/2023 08:10:56   Starting the active learning loop
27/03/2023 08:10:56   Beginning active learning of [1, 1, 1] atoms.
27/03/2023 08:11:21   Generated MD runs.
27/03/2023 08:11:21   [1, 1, 1] atoms, iteration: 1 of up to 20
27/03/2023 08:13:08   Passive training iteration completed.
27/03/2023 08:13:08   Average energy per atom error: 0.0113187
27/03/2023 08:13:08   Average force per atom error: 0.00910416
27/03/2023 08:13:08   Starting MD Runs
27/03/2023 08:13:55   21 risky configurations found.
27/03/2023 08:13:55   MD Runs Completed
27/03/2023 08:13:55   Runs with no preselected configurations: 1 / 24
27/03/2023 08:14:02   Diff DFT configurations selected.
27/03/2023 08:14:02   There are 21 new diff DFT configurations.
27/03/2023 08:14:02   Commencing diff DFT Runs.
27/03/2023 08:18:59   One or more of the diff DFT runs has failed. Potential may be unstable be warned. Continuing...
27/03/2023 08:18:59   Diff DFT calculations complete.
27/03/2023 08:18:59   [1, 1, 1] atoms, iteration: 2 of up to 20
27/03/2023 08:20:59   Passive training iteration completed.
27/03/2023 08:20:59   Average energy per atom error: 0.0110324
27/03/2023 08:20:59   Average force per atom error: 0.0153379
27/03/2023 08:20:59   Starting MD Runs
27/03/2023 08:21:44   19 risky configurations found.
27/03/2023 08:21:44   MD Runs Completed
27/03/2023 08:21:44   Runs with no preselected configurations: 1 / 24
27/03/2023 08:21:51   Diff DFT configurations selected.
27/03/2023 08:21:51   There are 24 new diff DFT configurations.
27/03/2023 08:21:51   Commencing diff DFT Runs.
27/03/2023 08:27:07   Diff DFT calculations complete.
27/03/2023 08:27:07   [1, 1, 1] atoms, iteration: 3 of up to 20
27/03/2023 08:30:53   Passive training iteration completed.
27/03/2023 08:30:53   Average energy per atom error: 0.00908972
27/03/2023 08:30:53   Average force per atom error: 0.014596
27/03/2023 08:30:53   Starting MD Runs
27/03/2023 08:32:04   21 risky configurations found.
27/03/2023 08:32:04   MD Runs Completed
27/03/2023 08:32:04   Runs with no preselected configurations: 3 / 24
27/03/2023 08:32:11   Diff DFT configurations selected.
27/03/2023 08:32:11   There are 12 new diff DFT configurations.
27/03/2023 08:32:11   Commencing diff DFT Runs.
27/03/2023 08:37:37   Diff DFT calculations complete.
27/03/2023 08:37:37   [1, 1, 1] atoms, iteration: 4 of up to 20
27/03/2023 08:41:30   Passive training iteration completed.
27/03/2023 08:41:30   Average energy per atom error: 0.00800379
27/03/2023 08:41:30   Average force per atom error: 0.0142218
27/03/2023 08:41:30   Starting MD Runs
27/03/2023 08:42:19   17 risky configurations found.
27/03/2023 08:42:19   MD Runs Completed
27/03/2023 08:42:19   Runs with no preselected configurations: 4 / 24
27/03/2023 08:42:25   Diff DFT configurations selected.
27/03/2023 08:42:25   There are 36 new diff DFT configurations.
27/03/2023 08:42:25   Commencing diff DFT Runs.
27/03/2023 08:48:11   Diff DFT calculations complete.
27/03/2023 08:48:11   [1, 1, 1] atoms, iteration: 5 of up to 20
27/03/2023 08:50:51   Passive training iteration completed.
27/03/2023 08:50:51   Average energy per atom error: 0.00690057
27/03/2023 08:50:51   Average force per atom error: 0.0135413
27/03/2023 08:50:51   Starting MD Runs
27/03/2023 08:51:35   16 risky configurations found.
27/03/2023 08:51:35   MD Runs Completed
27/03/2023 08:51:36   Runs with no preselected configurations: 6 / 24
27/03/2023 08:51:42   Diff DFT configurations selected.
27/03/2023 08:51:42   There are 15 new diff DFT configurations.
27/03/2023 08:51:42   Commencing diff DFT Runs.
27/03/2023 08:56:59   Diff DFT calculations complete.
27/03/2023 08:56:59   [1, 1, 1] atoms, iteration: 6 of up to 20
27/03/2023 08:59:29   Passive training iteration completed.
27/03/2023 08:59:29   Average energy per atom error: 0.00645913
27/03/2023 08:59:29   Average force per atom error: 0.013069
27/03/2023 08:59:29   Starting MD Runs
27/03/2023 09:00:46   10 risky configurations found.
27/03/2023 09:00:46   MD Runs Completed
27/03/2023 09:00:47   Runs with no preselected configurations: 8 / 24
27/03/2023 09:00:53   Diff DFT configurations selected.
27/03/2023 09:00:53   There are 24 new diff DFT configurations.
27/03/2023 09:00:53   Commencing diff DFT Runs.
27/03/2023 20:04:57   Initial generation of DFT training dataset has completed.
27/03/2023 20:04:57   Starting the active learning loop
27/03/2023 20:04:57   Beginning active learning of [1, 1, 1] atoms.
27/03/2023 20:04:58   Generated MD runs.
27/03/2023 20:04:58   [1, 1, 1] atoms, iteration: 1 of up to 20
27/03/2023 20:11:12   Passive training iteration completed.
27/03/2023 20:11:12   Average energy per atom error: 0.00619594
27/03/2023 20:11:12   Average force per atom error: 0.013359
27/03/2023 20:11:12   Starting MD Runs
27/03/2023 20:12:09   10 risky configurations found.
27/03/2023 20:12:09   MD Runs Completed
27/03/2023 20:12:09   Runs with no preselected configurations: 9 / 24
27/03/2023 20:12:16   Diff DFT configurations selected.
27/03/2023 20:12:16   There are 16 new diff DFT configurations.
27/03/2023 20:12:16   Commencing diff DFT Runs.
27/03/2023 20:17:31   Diff DFT calculations complete.
27/03/2023 20:17:31   [1, 1, 1] atoms, iteration: 2 of up to 20
27/03/2023 20:24:24   Passive training iteration completed.
27/03/2023 20:24:24   Average energy per atom error: 0.00586335
27/03/2023 20:24:24   Average force per atom error: 0.0131765
27/03/2023 20:24:24   Starting MD Runs
27/03/2023 20:25:21   6 risky configurations found.
27/03/2023 20:25:21   MD Runs Completed
27/03/2023 20:25:21   Runs with no preselected configurations: 14 / 24
27/03/2023 20:25:35   Diff DFT configurations selected.
27/03/2023 20:25:35   There are 17 new diff DFT configurations.
27/03/2023 20:25:35   Commencing diff DFT Runs.
27/03/2023 20:30:42   Diff DFT calculations complete.
27/03/2023 20:30:42   [1, 1, 1] atoms, iteration: 3 of up to 20
27/03/2023 20:32:32   Passive training iteration completed.
27/03/2023 20:32:32   Average energy per atom error: 0.00560794
27/03/2023 20:32:32   Average force per atom error: 0.013011
27/03/2023 20:32:32   Starting MD Runs
27/03/2023 20:33:31   7 risky configurations found.
27/03/2023 20:33:31   MD Runs Completed
27/03/2023 20:33:31   Runs with no preselected configurations: 15 / 24
27/03/2023 20:33:37   Diff DFT configurations selected.
27/03/2023 20:33:37   There are 11 new diff DFT configurations.
27/03/2023 20:33:37   Commencing diff DFT Runs.
27/03/2023 20:38:41   Diff DFT calculations complete.
27/03/2023 20:38:41   [1, 1, 1] atoms, iteration: 4 of up to 20
27/03/2023 20:39:39   Passive training iteration completed.
27/03/2023 20:39:39   Average energy per atom error: 0.00554247
27/03/2023 20:39:39   Average force per atom error: 0.013007
27/03/2023 20:39:39   Starting MD Runs
27/03/2023 20:40:49   6 risky configurations found.
27/03/2023 20:40:49   MD Runs Completed
27/03/2023 20:40:49   Runs with no preselected configurations: 16 / 24
27/03/2023 20:41:03   Diff DFT configurations selected.
27/03/2023 20:41:03   There are 8 new diff DFT configurations.
27/03/2023 20:41:03   Commencing diff DFT Runs.
27/03/2023 20:46:42   Diff DFT calculations complete.
27/03/2023 20:46:42   [1, 1, 1] atoms, iteration: 5 of up to 20
27/03/2023 20:49:05   Passive training iteration completed.
27/03/2023 20:49:05   Average energy per atom error: 0.00542495
27/03/2023 20:49:05   Average force per atom error: 0.012938
27/03/2023 20:49:05   Starting MD Runs
27/03/2023 20:51:14   6 risky configurations found.
27/03/2023 20:51:14   MD Runs Completed
27/03/2023 20:51:14   Runs with no preselected configurations: 18 / 24
27/03/2023 20:51:35   Diff DFT configurations selected.
27/03/2023 20:51:35   There are 19 new diff DFT configurations.
27/03/2023 20:51:35   Commencing diff DFT Runs.
27/03/2023 20:57:10   Diff DFT calculations complete.
27/03/2023 20:57:10   [1, 1, 1] atoms, iteration: 6 of up to 20
27/03/2023 21:03:36   Passive training iteration completed.
27/03/2023 21:03:36   Average energy per atom error: 0.00536292
27/03/2023 21:03:36   Average force per atom error: 0.0116849
27/03/2023 21:03:36   Starting MD Runs
27/03/2023 21:04:34   6 risky configurations found.
27/03/2023 21:04:34   MD Runs Completed
27/03/2023 21:04:34   Runs with no preselected configurations: 18 / 24
27/03/2023 21:04:41   Diff DFT configurations selected.
27/03/2023 21:04:41   There are 11 new diff DFT configurations.
27/03/2023 21:04:41   Commencing diff DFT Runs.
27/03/2023 21:09:54   Diff DFT calculations complete.
27/03/2023 21:09:54   [1, 1, 1] atoms, iteration: 7 of up to 20
27/03/2023 21:13:17   Passive training iteration completed.
27/03/2023 21:13:17   Average energy per atom error: 0.00522274
27/03/2023 21:13:17   Average force per atom error: 0.0115322
27/03/2023 21:13:17   Starting MD Runs
27/03/2023 21:14:04   6 risky configurations found.
27/03/2023 21:14:04   MD Runs Completed
27/03/2023 21:14:04   Runs with no preselected configurations: 18 / 24
27/03/2023 21:14:17   Diff DFT configurations selected.
27/03/2023 21:14:17   There are 12 new diff DFT configurations.
27/03/2023 21:14:17   Commencing diff DFT Runs.
27/03/2023 21:19:33   Diff DFT calculations complete.
27/03/2023 21:19:33   [1, 1, 1] atoms, iteration: 8 of up to 20
27/03/2023 21:23:02   Passive training iteration completed.
27/03/2023 21:23:02   Average energy per atom error: 0.00510234
27/03/2023 21:23:02   Average force per atom error: 0.0114334
27/03/2023 21:23:02   Starting MD Runs
27/03/2023 21:23:49   2 risky configurations found.
27/03/2023 21:23:49   MD Runs Completed
27/03/2023 21:23:50   Runs with no preselected configurations: 19 / 24
27/03/2023 21:23:56   Diff DFT configurations selected.
27/03/2023 21:23:56   There are 8 new diff DFT configurations.
27/03/2023 21:23:56   Commencing diff DFT Runs.
27/03/2023 21:29:09   Diff DFT calculations complete.
27/03/2023 21:29:09   [1, 1, 1] atoms, iteration: 9 of up to 20
27/03/2023 21:30:17   Passive training iteration completed.
27/03/2023 21:30:17   Average energy per atom error: 0.00509261
27/03/2023 21:30:17   Average force per atom error: 0.0114869
27/03/2023 21:30:17   Starting MD Runs
27/03/2023 21:31:40   3 risky configurations found.
27/03/2023 21:31:40   MD Runs Completed
27/03/2023 21:31:40   Runs with no preselected configurations: 21 / 24
27/03/2023 21:31:47   Diff DFT configurations selected.
27/03/2023 21:31:47   There are 3 new diff DFT configurations.
27/03/2023 21:31:47   Commencing diff DFT Runs.
27/03/2023 21:36:50   Diff DFT calculations complete.
27/03/2023 21:36:50   [1, 1, 1] atoms, iteration: 10 of up to 20
27/03/2023 21:37:30   Passive training iteration completed.
27/03/2023 21:37:30   Average energy per atom error: 0.00505609
27/03/2023 21:37:30   Average force per atom error: 0.0114119
27/03/2023 21:37:30   Starting MD Runs
27/03/2023 21:38:56   No risky configurations found.
27/03/2023 21:38:56   MD Runs Completed
27/03/2023 21:38:56   Runs with no preselected configurations: 24 / 24
27/03/2023 21:39:03   Diff DFT configurations selected.
27/03/2023 21:39:03   There are 0 new diff DFT configurations.
27/03/2023 21:39:03   Commencing diff DFT Runs.
27/03/2023 21:39:03   Beginning active learning of [1, 1, 2] atoms.
27/03/2023 21:39:04   Generated MD runs.
27/03/2023 21:39:04   [1, 1, 2] atoms, iteration: 1 of up to 10
27/03/2023 21:39:33   Passive training iteration completed.
27/03/2023 21:39:33   Average energy per atom error: 0.00505622
27/03/2023 21:39:33   Average force per atom error: 0.0114021
27/03/2023 21:39:33   Starting MD Runs
27/03/2023 21:40:20   24 risky configurations found.
27/03/2023 21:40:20   MD Runs Completed
27/03/2023 21:40:21   Runs with no preselected configurations: 0 / 24
27/03/2023 21:40:30   Diff DFT configurations selected.
27/03/2023 21:40:30   There are 17 new diff DFT configurations.
27/03/2023 21:40:30   Commencing diff DFT Runs.
27/03/2023 21:50:11   Diff DFT calculations complete.
27/03/2023 21:50:11   [1, 1, 2] atoms, iteration: 2 of up to 10
27/03/2023 21:54:12   Passive training iteration completed.
27/03/2023 21:54:12   Average energy per atom error: 0.00545479
27/03/2023 21:54:12   Average force per atom error: 0.0147866
27/03/2023 21:54:12   Starting MD Runs
27/03/2023 21:55:22   17 risky configurations found.
27/03/2023 21:55:22   MD Runs Completed
27/03/2023 21:55:24   Runs with no preselected configurations: 0 / 24
27/03/2023 21:58:31   Diff DFT configurations selected.
27/03/2023 21:58:31   There are 36 new diff DFT configurations.
27/03/2023 21:58:31   Commencing diff DFT Runs.
27/03/2023 22:08:43   Diff DFT calculations complete.
27/03/2023 22:08:43   [1, 1, 2] atoms, iteration: 3 of up to 10
27/03/2023 22:11:42   Passive training iteration completed.
27/03/2023 22:11:42   Average energy per atom error: 0.00762968
27/03/2023 22:11:42   Average force per atom error: 0.0226201
27/03/2023 22:11:42   Starting MD Runs
27/03/2023 22:12:50   16 risky configurations found.
27/03/2023 22:12:50   MD Runs Completed
27/03/2023 22:12:50   Runs with no preselected configurations: 8 / 24
27/03/2023 22:12:57   Diff DFT configurations selected.
27/03/2023 22:12:57   There are 30 new diff DFT configurations.
27/03/2023 22:12:57   Commencing diff DFT Runs.
27/03/2023 22:23:44   Diff DFT calculations complete.
27/03/2023 22:23:44   [1, 1, 2] atoms, iteration: 4 of up to 10
27/03/2023 22:26:02   Passive training iteration completed.
27/03/2023 22:26:02   Average energy per atom error: 0.00880284
27/03/2023 22:26:02   Average force per atom error: 0.0263322
27/03/2023 22:26:02   Starting MD Runs
27/03/2023 22:27:10   No risky configurations found.
27/03/2023 22:27:10   MD Runs Completed
27/03/2023 22:27:10   Runs with no preselected configurations: 18 / 24
27/03/2023 22:27:17   Diff DFT configurations selected.
27/03/2023 22:27:17   There are 12 new diff DFT configurations.
27/03/2023 22:27:17   Commencing diff DFT Runs.
27/03/2023 22:37:39   Diff DFT calculations complete.
27/03/2023 22:37:39   [1, 1, 2] atoms, iteration: 5 of up to 10
27/03/2023 22:44:27   Passive training iteration completed.
27/03/2023 22:44:27   Average energy per atom error: 0.00970909
27/03/2023 22:44:27   Average force per atom error: 0.0276687
27/03/2023 22:44:27   Starting MD Runs
27/03/2023 22:45:51   1 risky configurations found.
27/03/2023 22:45:51   MD Runs Completed
27/03/2023 22:45:51   Runs with no preselected configurations: 22 / 24
27/03/2023 22:45:58   Diff DFT configurations selected.
27/03/2023 22:45:58   There are 4 new diff DFT configurations.
27/03/2023 22:45:58   Commencing diff DFT Runs.
27/03/2023 22:56:41   Diff DFT calculations complete.
27/03/2023 22:56:41   [1, 1, 2] atoms, iteration: 6 of up to 10
27/03/2023 22:59:48   Passive training iteration completed.
27/03/2023 22:59:48   Average energy per atom error: 0.00966679
27/03/2023 22:59:48   Average force per atom error: 0.027612
27/03/2023 22:59:48   Starting MD Runs
27/03/2023 23:01:16   No risky configurations found.
27/03/2023 23:01:16   MD Runs Completed
27/03/2023 23:01:16   Runs with no preselected configurations: 23 / 24
27/03/2023 23:01:24   Diff DFT configurations selected.
27/03/2023 23:01:24   There are 1 new diff DFT configurations.
27/03/2023 23:01:24   Commencing diff DFT Runs.
27/03/2023 23:08:47   Diff DFT calculations complete.
27/03/2023 23:08:47   [1, 1, 2] atoms, iteration: 7 of up to 10
27/03/2023 23:09:37   Passive training iteration completed.
27/03/2023 23:09:37   Average energy per atom error: 0.00966328
27/03/2023 23:09:37   Average force per atom error: 0.0276671
27/03/2023 23:09:37   Starting MD Runs
27/03/2023 23:10:58   No risky configurations found.
27/03/2023 23:10:58   MD Runs Completed
27/03/2023 23:10:58   Runs with no preselected configurations: 24 / 24
27/03/2023 23:11:05   Diff DFT configurations selected.
27/03/2023 23:11:05   There are 0 new diff DFT configurations.
27/03/2023 23:11:05   Commencing diff DFT Runs.
27/03/2023 23:11:05   Beginning active learning of [1, 1, 3] atoms.
27/03/2023 23:11:05   Generated MD runs.
27/03/2023 23:11:05   [1, 1, 3] atoms, iteration: 1 of up to 10
27/03/2023 23:11:44   Passive training iteration completed.
27/03/2023 23:11:44   Average energy per atom error: 0.00966301
27/03/2023 23:11:44   Average force per atom error: 0.0276651
27/03/2023 23:11:44   Starting MD Runs
27/03/2023 23:13:38   No risky configurations found.
27/03/2023 23:13:38   MD Runs Completed
27/03/2023 23:13:39   Runs with no preselected configurations: 24 / 24
27/03/2023 23:13:46   Diff DFT configurations selected.
27/03/2023 23:13:46   There are 0 new diff DFT configurations.
27/03/2023 23:13:46   Commencing diff DFT Runs.
27/03/2023 23:13:46   Beginning active learning of [1, 2, 2] atoms.
27/03/2023 23:13:46   Generated MD runs.
27/03/2023 23:13:46   [1, 2, 2] atoms, iteration: 1 of up to 10
27/03/2023 23:14:14   Passive training iteration completed.
27/03/2023 23:14:14   Average energy per atom error: 0.00966283
27/03/2023 23:14:14   Average force per atom error: 0.0276615
27/03/2023 23:14:14   Starting MD Runs
27/03/2023 23:15:51   No risky configurations found.
27/03/2023 23:15:51   MD Runs Completed
27/03/2023 23:15:52   Runs with no preselected configurations: 16 / 24
27/03/2023 23:16:05   Diff DFT configurations selected.
27/03/2023 23:16:05   There are 6 new diff DFT configurations.
27/03/2023 23:16:05   Commencing diff DFT Runs.
27/03/2023 23:38:09   Diff DFT calculations complete.
27/03/2023 23:38:09   [1, 2, 2] atoms, iteration: 2 of up to 10
27/03/2023 23:40:54   Passive training iteration completed.
27/03/2023 23:40:54   Average energy per atom error: 0.00981319
27/03/2023 23:40:54   Average force per atom error: 0.0283921
27/03/2023 23:40:54   Starting MD Runs
27/03/2023 23:43:02   No risky configurations found.
27/03/2023 23:43:02   MD Runs Completed
27/03/2023 23:43:02   Runs with no preselected configurations: 24 / 24
27/03/2023 23:43:09   Diff DFT configurations selected.
27/03/2023 23:43:09   There are 0 new diff DFT configurations.
27/03/2023 23:43:09   Commencing diff DFT Runs.
27/03/2023 23:43:09   Beginning active learning of [2, 2, 2] atoms.
27/03/2023 23:43:09   Generated MD runs.
27/03/2023 23:43:09   [2, 2, 2] atoms, iteration: 1 of up to 5
27/03/2023 23:43:51   Passive training iteration completed.
27/03/2023 23:43:51   Average energy per atom error: 0.00981094
27/03/2023 23:43:51   Average force per atom error: 0.0283826
27/03/2023 23:43:51   Starting MD Runs
27/03/2023 23:47:03   No risky configurations found.
27/03/2023 23:47:03   MD Runs Completed
27/03/2023 23:47:04   Runs with no preselected configurations: 22 / 24
27/03/2023 23:47:13   Diff DFT configurations selected.
27/03/2023 23:47:13   There are 2 new diff DFT configurations.
27/03/2023 23:47:13   Commencing diff DFT Runs.
28/03/2023 00:22:52   Diff DFT calculations complete.
28/03/2023 00:22:52   [2, 2, 2] atoms, iteration: 2 of up to 5
28/03/2023 00:24:41   Passive training iteration completed.
28/03/2023 00:24:41   Average energy per atom error: 0.0100224
28/03/2023 00:24:41   Average force per atom error: 0.028023
28/03/2023 00:24:41   Starting MD Runs
28/03/2023 00:27:53   No risky configurations found.
28/03/2023 00:27:53   MD Runs Completed
28/03/2023 00:27:53   Runs with no preselected configurations: 23 / 24
28/03/2023 00:28:28   Diff DFT configurations selected.
28/03/2023 00:28:28   There are 1 new diff DFT configurations.
28/03/2023 00:28:28   Commencing diff DFT Runs.
28/03/2023 01:14:56   Diff DFT calculations complete.
28/03/2023 01:14:57   [2, 2, 2] atoms, iteration: 3 of up to 5
28/03/2023 01:15:49   Passive training iteration completed.
28/03/2023 01:15:49   Average energy per atom error: 0.010095
28/03/2023 01:15:49   Average force per atom error: 0.0282848
28/03/2023 01:15:49   Starting MD Runs
28/03/2023 01:18:26   No risky configurations found.
28/03/2023 01:18:26   MD Runs Completed
28/03/2023 01:18:27   Runs with no preselected configurations: 23 / 24
28/03/2023 01:18:35   Diff DFT configurations selected.
28/03/2023 01:18:35   There are 2 new diff DFT configurations.
28/03/2023 01:18:35   Commencing diff DFT Runs.
28/03/2023 02:09:35   Diff DFT calculations complete.
28/03/2023 02:09:35   [2, 2, 2] atoms, iteration: 4 of up to 5
28/03/2023 02:11:46   Passive training iteration completed.
28/03/2023 02:11:46   Average energy per atom error: 0.010164
28/03/2023 02:11:46   Average force per atom error: 0.0287235
28/03/2023 02:11:46   Starting MD Runs
28/03/2023 02:14:54   No risky configurations found.
28/03/2023 02:14:54   MD Runs Completed
28/03/2023 02:14:55   Runs with no preselected configurations: 21 / 24
28/03/2023 02:15:37   Diff DFT configurations selected.
28/03/2023 02:15:37   There are 1 new diff DFT configurations.
28/03/2023 02:15:37   Commencing diff DFT Runs.
28/03/2023 02:44:53   Diff DFT calculations complete.
28/03/2023 02:44:53   [2, 2, 2] atoms, iteration: 5 of up to 5
28/03/2023 02:45:44   Passive training iteration completed.
28/03/2023 02:45:44   Average energy per atom error: 0.0102528
28/03/2023 02:45:44   Average force per atom error: 0.0289281
28/03/2023 02:45:44   Starting MD Runs
28/03/2023 02:48:33   No risky configurations found.
28/03/2023 02:48:33   MD Runs Completed
28/03/2023 02:48:33   Runs with no preselected configurations: 23 / 24
28/03/2023 02:48:40   Diff DFT configurations selected.
28/03/2023 02:48:40   There are 1 new diff DFT configurations.
28/03/2023 02:48:40   Commencing diff DFT Runs.
28/03/2023 03:44:37   Diff DFT calculations complete.
28/03/2023 03:44:37   Beginning active learning of [3, 3, 3] atoms.
28/03/2023 03:44:47   Generated MD runs.
28/03/2023 03:44:47   [3, 3, 3] atoms, iteration: 1 of up to 2
28/03/2023 03:46:26   Passive training iteration completed.
28/03/2023 03:46:26   Average energy per atom error: 0.0102888
28/03/2023 03:46:26   Average force per atom error: 0.0290747
28/03/2023 03:46:26   Starting MD Runs
28/03/2023 03:56:40   No risky configurations found.
28/03/2023 03:56:40   MD Runs Completed
28/03/2023 03:56:40   Runs with no preselected configurations: 24 / 24
28/03/2023 03:56:47   Diff DFT configurations selected.
28/03/2023 03:56:47   There are 0 new diff DFT configurations.
28/03/2023 03:56:47   Commencing diff DFT Runs.