
23/03/2023 21:26:23   =============================================================
23/03/2023 21:26:23   Starting New Potential Training !!!               12 fully trained
23/03/2023 21:26:23   =============================================================
23/03/2023 21:29:31   Initial generation of DFT training dataset has completed.
23/03/2023 21:29:31   Starting the active learning loop
23/03/2023 21:29:31   Beginning active learning of [1, 1, 1] atoms.
23/03/2023 21:29:31   Generated MD runs.
23/03/2023 21:29:31   [1, 1, 1] atoms, iteration: 1 of up to 20
23/03/2023 21:29:46   Generated new ALS file
23/03/2023 21:30:06   Passive training iteration completed.
23/03/2023 21:30:06   Average energy per atom error: 0.000983942

23/03/2023 21:30:06   Average energy per atom error: 7.79467e-08

23/03/2023 21:30:06   Starting MD Runs
23/03/2023 21:31:10   24 risky configurations found.
23/03/2023 21:31:10   MD Runs Completed
23/03/2023 21:31:10   Runs with no preselected configurations: 0 / 24
23/03/2023 21:31:17   Diff DFT configurations selected.
23/03/2023 21:31:17   There are 4 new diff DFT configurations.
23/03/2023 21:31:17   Commencing diff DFT Runs.
23/03/2023 21:31:58   Diff DFT calculations complete.
23/03/2023 21:31:58   [1, 1, 1] atoms, iteration: 2 of up to 20
23/03/2023 21:33:07   Passive training iteration completed.
23/03/2023 21:33:07   Average energy per atom error: 0.0140263

23/03/2023 21:33:07   Average energy per atom error: 1.02014e-06

23/03/2023 21:33:07   Starting MD Runs
23/03/2023 21:33:44   24 risky configurations found.
23/03/2023 21:33:44   MD Runs Completed
23/03/2023 21:33:44   Runs with no preselected configurations: 0 / 24
23/03/2023 21:33:50   Diff DFT configurations selected.
23/03/2023 21:33:50   There are 3 new diff DFT configurations.
23/03/2023 21:33:50   Commencing diff DFT Runs.
23/03/2023 21:38:22   Diff DFT calculations complete.
23/03/2023 21:38:22   [1, 1, 1] atoms, iteration: 3 of up to 20
23/03/2023 21:39:16   Passive training iteration completed.
23/03/2023 21:39:16   Average energy per atom error: 0.0171762

23/03/2023 21:39:16   Average energy per atom error: 0.000261424

23/03/2023 21:39:16   Starting MD Runs
23/03/2023 21:39:53   24 risky configurations found.
23/03/2023 21:39:53   MD Runs Completed
23/03/2023 21:39:53   Runs with no preselected configurations: 0 / 24
23/03/2023 21:40:00   Diff DFT configurations selected.
23/03/2023 21:40:00   There are 6 new diff DFT configurations.
23/03/2023 21:40:00   Commencing diff DFT Runs.
23/03/2023 21:44:47   Diff DFT calculations complete.
23/03/2023 21:44:47   [1, 1, 1] atoms, iteration: 4 of up to 20
23/03/2023 21:46:07   Passive training iteration completed.
23/03/2023 21:46:07   Average energy per atom error: 0.0172927

23/03/2023 21:46:07   Average energy per atom error: 0.00140968

23/03/2023 21:46:07   Starting MD Runs
23/03/2023 21:46:45   24 risky configurations found.
23/03/2023 21:46:45   MD Runs Completed
23/03/2023 21:46:45   Runs with no preselected configurations: 0 / 24
23/03/2023 21:46:53   Diff DFT configurations selected.
23/03/2023 21:46:53   There are 8 new diff DFT configurations.
23/03/2023 21:46:53   Commencing diff DFT Runs.
23/03/2023 21:51:37   Diff DFT calculations complete.
23/03/2023 21:51:37   [1, 1, 1] atoms, iteration: 5 of up to 20
23/03/2023 21:52:06   Passive training iteration completed.
23/03/2023 21:52:06   Average energy per atom error: 0.016165

23/03/2023 21:52:06   Average energy per atom error: 0.0024792

23/03/2023 21:52:06   Starting MD Runs
23/03/2023 21:52:33   24 risky configurations found.
23/03/2023 21:52:33   MD Runs Completed
23/03/2023 21:52:33   Runs with no preselected configurations: 0 / 24
23/03/2023 21:52:43   Diff DFT configurations selected.
23/03/2023 21:52:43   There are 9 new diff DFT configurations.
23/03/2023 21:52:43   Commencing diff DFT Runs.
23/03/2023 21:57:39   Diff DFT calculations complete.
23/03/2023 21:57:39   [1, 1, 1] atoms, iteration: 6 of up to 20
23/03/2023 21:58:29   Passive training iteration completed.
23/03/2023 21:58:29   Average energy per atom error: 0.0141572

23/03/2023 21:58:29   Average energy per atom error: 0.00321678

23/03/2023 21:58:29   Starting MD Runs
23/03/2023 21:59:06   24 risky configurations found.
23/03/2023 21:59:06   MD Runs Completed
23/03/2023 21:59:07   Runs with no preselected configurations: 0 / 24
23/03/2023 21:59:14   Diff DFT configurations selected.
23/03/2023 21:59:14   There are 10 new diff DFT configurations.
23/03/2023 21:59:14   Commencing diff DFT Runs.
23/03/2023 22:04:11   Diff DFT calculations complete.
23/03/2023 22:04:11   [1, 1, 1] atoms, iteration: 7 of up to 20
23/03/2023 22:04:33   Passive training iteration completed.
23/03/2023 22:04:33   Average energy per atom error: 0.0127337

23/03/2023 22:04:33   Average energy per atom error: 0.00571529

23/03/2023 22:04:33   Starting MD Runs
23/03/2023 22:05:21   22 risky configurations found.
23/03/2023 22:05:21   MD Runs Completed
23/03/2023 22:05:21   Runs with no preselected configurations: 0 / 24
23/03/2023 22:05:28   Diff DFT configurations selected.
23/03/2023 22:05:28   There are 14 new diff DFT configurations.
23/03/2023 22:05:28   Commencing diff DFT Runs.
23/03/2023 22:10:27   Diff DFT calculations complete.
23/03/2023 22:10:27   [1, 1, 1] atoms, iteration: 8 of up to 20
23/03/2023 22:11:05   Passive training iteration completed.
23/03/2023 22:11:05   Average energy per atom error: 0.0111704

23/03/2023 22:11:05   Average energy per atom error: 0.00878249

23/03/2023 22:11:05   Starting MD Runs
23/03/2023 22:11:45   21 risky configurations found.
23/03/2023 22:11:45   MD Runs Completed
23/03/2023 22:11:46   Runs with no preselected configurations: 0 / 24
23/03/2023 22:11:53   Diff DFT configurations selected.
23/03/2023 22:11:53   There are 21 new diff DFT configurations.
23/03/2023 22:11:53   Commencing diff DFT Runs.
23/03/2023 22:17:11   One or more of the diff DFT runs has failed. Potential may be unstable be warned. Continuing...
23/03/2023 22:17:11   Diff DFT calculations complete.
23/03/2023 22:17:11   [1, 1, 1] atoms, iteration: 9 of up to 20
23/03/2023 22:23:11   Passive training iteration completed.
23/03/2023 22:23:11   Average energy per atom error: 0.00931923

23/03/2023 22:23:11   Average energy per atom error: 0.00942357

23/03/2023 22:23:11   Starting MD Runs
23/03/2023 22:24:10   19 risky configurations found.
23/03/2023 22:24:10   MD Runs Completed
23/03/2023 22:24:11   Runs with no preselected configurations: 1 / 24
23/03/2023 22:24:17   Diff DFT configurations selected.
23/03/2023 22:24:17   There are 18 new diff DFT configurations.
23/03/2023 22:24:17   Commencing diff DFT Runs.
23/03/2023 22:29:28   Diff DFT calculations complete.
23/03/2023 22:29:28   [1, 1, 1] atoms, iteration: 10 of up to 20
23/03/2023 22:30:28   Passive training iteration completed.
23/03/2023 22:30:28   Average energy per atom error: 0.00821035

23/03/2023 22:30:28   Average energy per atom error: 0.0112506

23/03/2023 22:30:28   Starting MD Runs
23/03/2023 22:31:28   13 risky configurations found.
23/03/2023 22:31:28   MD Runs Completed
23/03/2023 22:31:28   Runs with no preselected configurations: 3 / 24
23/03/2023 22:31:35   Diff DFT configurations selected.
23/03/2023 22:31:35   There are 18 new diff DFT configurations.
23/03/2023 22:31:35   Commencing diff DFT Runs.
23/03/2023 22:37:11   Diff DFT calculations complete.
23/03/2023 22:37:11   [1, 1, 1] atoms, iteration: 11 of up to 20
23/03/2023 22:37:51   Passive training iteration completed.
23/03/2023 22:37:51   Average energy per atom error: 0.00801934

23/03/2023 22:37:51   Average energy per atom error: 0.0103742

23/03/2023 22:37:51   Starting MD Runs
23/03/2023 22:38:53   11 risky configurations found.
23/03/2023 22:38:53   MD Runs Completed
23/03/2023 22:38:53   Runs with no preselected configurations: 7 / 24
23/03/2023 22:39:01   Diff DFT configurations selected.
23/03/2023 22:39:01   There are 20 new diff DFT configurations.
23/03/2023 22:39:01   Commencing diff DFT Runs.
23/03/2023 22:45:08   Diff DFT calculations complete.
23/03/2023 22:45:08   [1, 1, 1] atoms, iteration: 12 of up to 20
23/03/2023 22:47:23   Passive training iteration completed.
23/03/2023 22:47:23   Average energy per atom error: 0.0069804

23/03/2023 22:47:23   Average energy per atom error: 0.00760268

23/03/2023 22:47:23   Starting MD Runs
23/03/2023 22:48:51   18 risky configurations found.
23/03/2023 22:48:51   MD Runs Completed
23/03/2023 22:48:51   Runs with no preselected configurations: 4 / 24
23/03/2023 22:48:58   Diff DFT configurations selected.
23/03/2023 22:48:58   There are 20 new diff DFT configurations.
23/03/2023 22:48:58   Commencing diff DFT Runs.
23/03/2023 22:54:46   Diff DFT calculations complete.
23/03/2023 22:54:46   [1, 1, 1] atoms, iteration: 13 of up to 20
23/03/2023 23:00:46   Passive training iteration completed.
23/03/2023 23:00:46   Average energy per atom error: 0.00637429

23/03/2023 23:00:46   Average energy per atom error: 0.00648738

23/03/2023 23:00:46   Starting MD Runs
23/03/2023 23:01:54   15 risky configurations found.
23/03/2023 23:01:54   MD Runs Completed
23/03/2023 23:01:54   Runs with no preselected configurations: 5 / 24
23/03/2023 23:02:01   Diff DFT configurations selected.
23/03/2023 23:02:01   There are 22 new diff DFT configurations.
23/03/2023 23:02:01   Commencing diff DFT Runs.
23/03/2023 23:07:50   Diff DFT calculations complete.
23/03/2023 23:07:50   [1, 1, 1] atoms, iteration: 14 of up to 20
23/03/2023 23:10:10   Passive training iteration completed.
23/03/2023 23:10:10   Average energy per atom error: 0.00623354

23/03/2023 23:10:10   Average energy per atom error: 0.00634584

23/03/2023 23:10:10   Starting MD Runs
23/03/2023 23:11:18   10 risky configurations found.
23/03/2023 23:11:18   MD Runs Completed
23/03/2023 23:11:20   Runs with no preselected configurations: 9 / 24
23/03/2023 23:11:27   Diff DFT configurations selected.
23/03/2023 23:11:27   There are 23 new diff DFT configurations.
23/03/2023 23:11:27   Commencing diff DFT Runs.
23/03/2023 23:17:05   One or more of the diff DFT runs has failed. Potential may be unstable be warned. Continuing...
23/03/2023 23:17:05   Diff DFT calculations complete.
23/03/2023 23:17:05   [1, 1, 1] atoms, iteration: 15 of up to 20
23/03/2023 23:19:24   Passive training iteration completed.
23/03/2023 23:19:24   Average energy per atom error: 0.00559143

23/03/2023 23:19:24   Average energy per atom error: 0.005749

23/03/2023 23:19:24   Starting MD Runs
23/03/2023 23:20:22   5 risky configurations found.
23/03/2023 23:20:22   MD Runs Completed
23/03/2023 23:20:22   Runs with no preselected configurations: 16 / 24
23/03/2023 23:20:31   Diff DFT configurations selected.
23/03/2023 23:20:31   There are 20 new diff DFT configurations.
23/03/2023 23:20:31   Commencing diff DFT Runs.
23/03/2023 23:26:30   Diff DFT calculations complete.
23/03/2023 23:26:30   [1, 1, 1] atoms, iteration: 16 of up to 20
23/03/2023 23:27:30   Passive training iteration completed.
23/03/2023 23:27:30   Average energy per atom error: 0.0053333

23/03/2023 23:27:30   Average energy per atom error: 0.00570075

23/03/2023 23:27:30   Starting MD Runs
23/03/2023 23:31:16   11 risky configurations found.
23/03/2023 23:31:16   MD Runs Completed
23/03/2023 23:31:29   Runs with no preselected configurations: 0 / 24
23/03/2023 23:34:11   Diff DFT configurations selected.
23/03/2023 23:34:11   There are 14 new diff DFT configurations.
23/03/2023 23:34:11   Commencing diff DFT Runs.
23/03/2023 23:40:06   Diff DFT calculations complete.
23/03/2023 23:40:06   [1, 1, 1] atoms, iteration: 17 of up to 20
23/03/2023 23:41:01   Passive training iteration completed.
23/03/2023 23:41:01   Average energy per atom error: 0.00506864

23/03/2023 23:41:01   Average energy per atom error: 0.00559431

23/03/2023 23:41:01   Starting MD Runs
23/03/2023 23:41:58   6 risky configurations found.
23/03/2023 23:41:58   MD Runs Completed
23/03/2023 23:41:59   Runs with no preselected configurations: 18 / 24
23/03/2023 23:42:06   Diff DFT configurations selected.
23/03/2023 23:42:06   There are 14 new diff DFT configurations.
23/03/2023 23:42:06   Commencing diff DFT Runs.
23/03/2023 23:47:34   Diff DFT calculations complete.
23/03/2023 23:47:34   [1, 1, 1] atoms, iteration: 18 of up to 20
23/03/2023 23:48:34   Passive training iteration completed.
23/03/2023 23:48:34   Average energy per atom error: 0.00498177

23/03/2023 23:48:34   Average energy per atom error: 0.00562385

23/03/2023 23:48:34   Starting MD Runs
23/03/2023 23:49:42   No risky configurations found.
23/03/2023 23:49:42   MD Runs Completed
23/03/2023 23:49:42   Runs with no preselected configurations: 20 / 24
23/03/2023 23:49:50   Diff DFT configurations selected.
23/03/2023 23:49:50   There are 5 new diff DFT configurations.
23/03/2023 23:49:50   Commencing diff DFT Runs.
23/03/2023 23:55:22   Diff DFT calculations complete.
23/03/2023 23:55:22   [1, 1, 1] atoms, iteration: 19 of up to 20
23/03/2023 23:57:05   Passive training iteration completed.
23/03/2023 23:57:05   Average energy per atom error: 0.00498437

23/03/2023 23:57:05   Average energy per atom error: 0.00540251

23/03/2023 23:57:05   Starting MD Runs
23/03/2023 23:58:36   2 risky configurations found.
23/03/2023 23:58:36   MD Runs Completed
23/03/2023 23:58:36   Runs with no preselected configurations: 20 / 24
23/03/2023 23:58:43   Diff DFT configurations selected.
23/03/2023 23:58:43   There are 4 new diff DFT configurations.
23/03/2023 23:58:43   Commencing diff DFT Runs.
24/03/2023 00:04:09   Diff DFT calculations complete.
24/03/2023 00:04:09   [1, 1, 1] atoms, iteration: 20 of up to 20
24/03/2023 00:04:49   Passive training iteration completed.
24/03/2023 00:04:49   Average energy per atom error: 0.00489402

24/03/2023 00:04:49   Average energy per atom error: 0.00544297

24/03/2023 00:04:49   Starting MD Runs
24/03/2023 00:05:56   No risky configurations found.
24/03/2023 00:05:56   MD Runs Completed
24/03/2023 00:05:56   Runs with no preselected configurations: 21 / 24
24/03/2023 00:06:05   Diff DFT configurations selected.
24/03/2023 00:06:05   There are 3 new diff DFT configurations.
24/03/2023 00:06:05   Commencing diff DFT Runs.
24/03/2023 00:11:16   Diff DFT calculations complete.
24/03/2023 00:11:16   Beginning active learning of [1, 1, 2] atoms.
24/03/2023 00:11:17   Generated MD runs.
24/03/2023 00:11:17   [1, 1, 2] atoms, iteration: 1 of up to 10
24/03/2023 00:11:56   Passive training iteration completed.
24/03/2023 00:11:56   Average energy per atom error: 0.00486831

24/03/2023 00:11:56   Average energy per atom error: 0.0054815

24/03/2023 00:11:56   Starting MD Runs
24/03/2023 00:13:12   16 risky configurations found.
24/03/2023 00:13:12   MD Runs Completed
24/03/2023 00:13:13   Runs with no preselected configurations: 3 / 24
24/03/2023 00:13:26   Diff DFT configurations selected.
24/03/2023 00:13:26   There are 16 new diff DFT configurations.
24/03/2023 00:13:26   Commencing diff DFT Runs.
24/03/2023 00:23:44   One or more of the diff DFT runs has failed. Potential may be unstable be warned. Continuing...
24/03/2023 00:23:44   Diff DFT calculations complete.
24/03/2023 00:23:44   [1, 1, 2] atoms, iteration: 2 of up to 10
24/03/2023 00:24:54   Passive training iteration completed.
24/03/2023 00:24:54   Average energy per atom error: 0.00488131

24/03/2023 00:24:54   Average energy per atom error: 0.00630886

24/03/2023 00:24:54   Starting MD Runs
24/03/2023 00:27:10   6 risky configurations found.
24/03/2023 00:27:10   MD Runs Completed
24/03/2023 00:27:11   Runs with no preselected configurations: 18 / 24
24/03/2023 00:27:18   Diff DFT configurations selected.
24/03/2023 00:27:18   There are 8 new diff DFT configurations.
24/03/2023 00:27:18   Commencing diff DFT Runs.
24/03/2023 00:38:03   Diff DFT calculations complete.
24/03/2023 00:38:03   [1, 1, 2] atoms, iteration: 3 of up to 10
24/03/2023 00:42:02   Passive training iteration completed.
24/03/2023 00:42:02   Average energy per atom error: 0.00479664

24/03/2023 00:42:02   Average energy per atom error: 0.00635571

24/03/2023 00:42:02   Starting MD Runs
24/03/2023 00:43:31   1 risky configurations found.
24/03/2023 00:43:31   MD Runs Completed
24/03/2023 00:43:32   Runs with no preselected configurations: 12 / 24
24/03/2023 00:43:47   Diff DFT configurations selected.
24/03/2023 00:43:47   There are 20 new diff DFT configurations.
24/03/2023 00:43:47   Commencing diff DFT Runs.
24/03/2023 00:55:24   Diff DFT calculations complete.
24/03/2023 00:55:24   [1, 1, 2] atoms, iteration: 4 of up to 10
24/03/2023 00:56:34   Passive training iteration completed.
24/03/2023 00:56:34   Average energy per atom error: 0.00475952

24/03/2023 00:56:34   Average energy per atom error: 0.00624247

24/03/2023 00:56:34   Starting MD Runs
24/03/2023 00:58:15   No risky configurations found.
24/03/2023 00:58:15   MD Runs Completed
24/03/2023 00:58:15   Runs with no preselected configurations: 24 / 24
24/03/2023 00:58:31   Diff DFT configurations selected.
24/03/2023 00:58:31   There are 0 new diff DFT configurations.
24/03/2023 00:58:31   Commencing diff DFT Runs.
24/03/2023 00:58:31   Beginning active learning of [1, 1, 3] atoms.
24/03/2023 00:58:31   Generated MD runs.
24/03/2023 00:58:31   [1, 1, 3] atoms, iteration: 1 of up to 10
24/03/2023 00:59:10   Passive training iteration completed.
24/03/2023 00:59:10   Average energy per atom error: 0.00476002

24/03/2023 00:59:10   Average energy per atom error: 0.00622231

24/03/2023 00:59:10   Starting MD Runs
24/03/2023 01:01:25   No risky configurations found.
24/03/2023 01:01:25   MD Runs Completed
24/03/2023 01:01:25   Runs with no preselected configurations: 10 / 24
24/03/2023 01:01:39   Diff DFT configurations selected.
24/03/2023 01:01:39   There are 12 new diff DFT configurations.
24/03/2023 01:01:39   Commencing diff DFT Runs.
24/03/2023 01:17:35   Diff DFT calculations complete.
24/03/2023 01:17:36   [1, 1, 3] atoms, iteration: 2 of up to 10
24/03/2023 01:19:08   Passive training iteration completed.
24/03/2023 01:19:08   Average energy per atom error: 0.00477581

24/03/2023 01:19:08   Average energy per atom error: 0.00635569

24/03/2023 01:19:08   Starting MD Runs
24/03/2023 01:21:23   No risky configurations found.
24/03/2023 01:21:23   MD Runs Completed
24/03/2023 01:21:23   Runs with no preselected configurations: 24 / 24
24/03/2023 01:21:30   Diff DFT configurations selected.
24/03/2023 01:21:30   There are 0 new diff DFT configurations.
24/03/2023 01:21:30   Commencing diff DFT Runs.
24/03/2023 01:21:30   Beginning active learning of [1, 2, 2] atoms.
24/03/2023 01:21:31   Generated MD runs.
24/03/2023 01:21:31   [1, 2, 2] atoms, iteration: 1 of up to 10
24/03/2023 01:22:08   Passive training iteration completed.
24/03/2023 01:22:08   Average energy per atom error: 0.00477704

24/03/2023 01:22:08   Average energy per atom error: 0.00634787

24/03/2023 01:22:08   Starting MD Runs
24/03/2023 01:24:28   2 risky configurations found.
24/03/2023 01:24:28   MD Runs Completed
24/03/2023 01:24:28   Runs with no preselected configurations: 19 / 24
24/03/2023 01:24:35   Diff DFT configurations selected.
24/03/2023 01:24:35   There are 6 new diff DFT configurations.
24/03/2023 01:24:35   Commencing diff DFT Runs.
24/03/2023 01:45:11   Diff DFT calculations complete.
24/03/2023 01:45:11   [1, 2, 2] atoms, iteration: 2 of up to 10
24/03/2023 01:46:38   Passive training iteration completed.
24/03/2023 01:46:38   Average energy per atom error: 0.00481313

24/03/2023 01:46:38   Average energy per atom error: 0.00664871

24/03/2023 01:46:38   Starting MD Runs
24/03/2023 01:49:16   2 risky configurations found.
24/03/2023 01:49:16   MD Runs Completed
24/03/2023 01:49:16   Runs with no preselected configurations: 21 / 24
24/03/2023 01:49:23   Diff DFT configurations selected.
24/03/2023 01:49:23   There are 5 new diff DFT configurations.
24/03/2023 01:49:23   Commencing diff DFT Runs.
24/03/2023 02:06:29   Diff DFT calculations complete.
24/03/2023 02:06:29   [1, 2, 2] atoms, iteration: 3 of up to 10
24/03/2023 02:10:19   Passive training iteration completed.
24/03/2023 02:10:19   Average energy per atom error: 0.00483621

24/03/2023 02:10:19   Average energy per atom error: 0.00732874

24/03/2023 02:10:19   Starting MD Runs
24/03/2023 02:13:19   No risky configurations found.
24/03/2023 02:13:19   MD Runs Completed
24/03/2023 02:13:19   Runs with no preselected configurations: 24 / 24
24/03/2023 02:13:26   Diff DFT configurations selected.
24/03/2023 02:13:26   There are 0 new diff DFT configurations.
24/03/2023 02:13:26   Commencing diff DFT Runs.
24/03/2023 02:13:26   Beginning active learning of [2, 2, 2] atoms.
24/03/2023 02:13:26   Generated MD runs.
24/03/2023 02:13:26   [2, 2, 2] atoms, iteration: 1 of up to 5
24/03/2023 02:14:04   Passive training iteration completed.
24/03/2023 02:14:04   Average energy per atom error: 0.00483628

24/03/2023 02:14:04   Average energy per atom error: 0.00733213

24/03/2023 02:14:04   Starting MD Runs
24/03/2023 02:18:42   No risky configurations found.
24/03/2023 02:18:42   MD Runs Completed
24/03/2023 02:18:42   Runs with no preselected configurations: 24 / 24
24/03/2023 02:18:49   Diff DFT configurations selected.
24/03/2023 02:18:49   There are 0 new diff DFT configurations.
24/03/2023 02:18:49   Commencing diff DFT Runs.
24/03/2023 02:18:49   Beginning active learning of [3, 3, 3] atoms.
24/03/2023 02:18:49   Generated MD runs.
24/03/2023 02:18:49   [3, 3, 3] atoms, iteration: 1 of up to 2
24/03/2023 02:19:10   Passive training iteration completed.
24/03/2023 02:19:10   Average energy per atom error: 0.00483628

24/03/2023 02:19:10   Average energy per atom error: 0.00733219

24/03/2023 02:19:10   Starting MD Runs
24/03/2023 02:33:20   No risky configurations found.
24/03/2023 02:33:20   MD Runs Completed
24/03/2023 02:33:20   Runs with no preselected configurations: 24 / 24
24/03/2023 02:33:27   Diff DFT configurations selected.
24/03/2023 02:33:27   There are 0 new diff DFT configurations.
24/03/2023 02:33:27   Commencing diff DFT Runs.